usage: distill.py [-h] [--dataset DATASET] [--subset SUBSET] [--model MODEL]
                  [--res RES] [--ipc IPC] [--eval_mode EVAL_MODE]
                  [--num_eval NUM_EVAL] [--eval_it EVAL_IT]
                  [--epoch_eval_train EPOCH_EVAL_TRAIN]
                  [--Iteration ITERATION] [--lr_img LR_IMG] [--lr_lr LR_LR]
                  [--lr_teacher LR_TEACHER] [--lr_init LR_INIT]
                  [--batch_real BATCH_REAL] [--batch_syn BATCH_SYN]
                  [--batch_train BATCH_TRAIN] [--pix_init {noise,real}]
                  [--dsa {True,False}] [--dsa_strategy DSA_STRATEGY]
                  [--data_path DATA_PATH] [--buffer_path BUFFER_PATH]
                  [--expert_epochs EXPERT_EPOCHS] [--syn_steps SYN_STEPS]
                  [--max_start_epoch MAX_START_EPOCH] [--zca] [--load_all]
                  [--no_aug NO_AUG] [--texture] [--canvas_size CANVAS_SIZE]
                  [--canvas_samples CANVAS_SAMPLES] [--tta {none,hflip}]
                  [--max_files MAX_FILES] [--max_experts MAX_EXPERTS]
                  [--force_save] [--lbd LBD] [--lr_feat LR_FEAT]
                  [--layer-idx LAYER_IDX] [--pooling POOLING]
                  [--feat-lbd FEAT_LBD] [--feat-opt FEAT_OPT]
                  [--n-feat N_FEAT] [--eval-freq EVAL_FREQ]
                  [--use-feature USE_FEATURE] [--feat-norm] [--contrast]
                  [--lbd-contrast LBD_CONTRAST] [--feat-metric FEAT_METRIC]
                  [--img-method IMG_METHOD] [--img-path IMG_PATH]
                  [--res-path RES_PATH] [--soft-label SOFT_LABEL]
distill.py: error: argument --layer-idx: expected one argument
